0 info it worked if it ends with ok
1 verbose cli [ 'C:\\Program Files\\nodejs\\node.exe',
1 verbose cli   'C:\\Program Files\\nodejs\\node_modules\\npm\\bin\\npm-cli.js',
1 verbose cli   'start' ]
2 info using npm@3.10.10
3 info using node@v6.11.0
4 verbose run-script [ 'prestart', 'start', 'poststart' ]
5 info lifecycle oneapp@1.0.0~prestart: oneapp@1.0.0
6 silly lifecycle oneapp@1.0.0~prestart: no script for prestart, continuing
7 info lifecycle oneapp@1.0.0~start: oneapp@1.0.0
8 verbose lifecycle oneapp@1.0.0~start: unsafe-perm in lifecycle true
9 verbose lifecycle oneapp@1.0.0~start: PATH: C:\Program Files\nodejs\node_modules\npm\bin\node-gyp-bin;C:\Users\Manav\Desktop\OneApp\node_modules\.bin;C:\ProgramData\Oracle\Java\javapath;C:\windows\system32;C:\windows;C:\windows\System32\Wbem;C:\windows\System32\WindowsPowerShell\v1.0\;C:\Program Files (x86)\ATI Technologies\ATI.ACE\Core-Static;C:\windows\system32\config\systemprofile\.dnx\bin;C:\Program Files\Microsoft DNX\Dnvm\;C:\Program Files\Microsoft SQL Server\130\Tools\Binn\;C:\Program Files\Microsoft SQL Server\Client SDK\ODBC\130\Tools\Binn\;C:\Program Files (x86)\Microsoft SQL Server\130\Tools\Binn\;C:\Program Files\Microsoft SQL Server\130\DTS\Binn\;C:\Program Files (x86)\Skype\Phone\;C:\Program Files (x86)\GtkSharp\2.12\bin;C:\Program Files\nodejs\;C:\Ruby24-x64\bin;C:\Program Files (x86)\SSH Communications Security\SSH Secure Shell;C:\texlive\2016\bin\win32;C:\Users\Manav\AppData\Local\atom\bin;C:\Users\Manav\AppData\Roaming\npm
10 verbose lifecycle oneapp@1.0.0~start: CWD: C:\Users\Manav\Desktop\OneApp
11 silly lifecycle oneapp@1.0.0~start: Args: [ '/d /s /c', 'node app' ]
12 silly lifecycle oneapp@1.0.0~start: Returned: code: 3221225786  signal: null
13 info lifecycle oneapp@1.0.0~start: Failed to exec start script
14 verbose stack Error: oneapp@1.0.0 start: `node app`
14 verbose stack Exit status 3221225786
14 verbose stack     at EventEmitter.<anonymous> (C:\Program Files\nodejs\node_modules\npm\lib\utils\lifecycle.js:255:16)
14 verbose stack     at emitTwo (events.js:106:13)
14 verbose stack     at EventEmitter.emit (events.js:191:7)
14 verbose stack     at ChildProcess.<anonymous> (C:\Program Files\nodejs\node_modules\npm\lib\utils\spawn.js:40:14)
14 verbose stack     at emitTwo (events.js:106:13)
14 verbose stack     at ChildProcess.emit (events.js:191:7)
14 verbose stack     at maybeClose (internal/child_process.js:891:16)
14 verbose stack     at Process.ChildProcess._handle.onexit (internal/child_process.js:226:5)
15 verbose pkgid oneapp@1.0.0
16 verbose cwd C:\Users\Manav\Desktop\OneApp
17 error Windows_NT 6.3.9600
18 error argv "C:\\Program Files\\nodejs\\node.exe" "C:\\Program Files\\nodejs\\node_modules\\npm\\bin\\npm-cli.js" "start"
19 error node v6.11.0
20 error npm  v3.10.10
21 error code ELIFECYCLE
22 error oneapp@1.0.0 start: `node app`
22 error Exit status 3221225786
23 error Failed at the oneapp@1.0.0 start script 'node app'.
23 error Make sure you have the latest version of node.js and npm installed.
23 error If you do, this is most likely a problem with the oneapp package,
23 error not with npm itself.
23 error Tell the author that this fails on your system:
23 error     node app
23 error You can get information on how to open an issue for this project with:
23 error     npm bugs oneapp
23 error Or if that isn't available, you can get their info via:
23 error     npm owner ls oneapp
23 error There is likely additional logging output above.
24 verbose exit [ 1, true ]
